<?xml version="1.0" encoding="UTF-8"?>
<!-- Generated by org.testng.reporters.JUnitReportReporter -->
<testsuite hostname="DESKTOP-URB09BD" name="Tiki1.SetUp" tests="1" failures="0" timestamp="28 Nov 2020 19:18:25 GMT" time="12.534" errors="0">
  <testcase name="setUp" time="12.534" classname="Tiki1.SetUp"/>
</testsuite> <!-- Tiki1.SetUp -->
