<?xml version="1.0" encoding="UTF-8"?>
<!-- Generated by org.testng.reporters.JUnitReportReporter -->
<testsuite hostname="DESKTOP-URB09BD" name="Tiki1.Main" tests="1" failures="0" timestamp="30 Nov 2020 10:19:55 GMT" time="19.961" errors="0">
  <testcase name="buy_Item" time="19.961" classname="Tiki1.Main"/>
</testsuite> <!-- Tiki1.Main -->
